0 info it worked if it ends with ok
1 verbose cli [ 'C:\\Program Files\\nodejs\\node.exe',
1 verbose cli   'C:\\Users\\James\\AppData\\Roaming\\npm\\node_modules\\npm\\bin\\npm-cli.js',
1 verbose cli   'test' ]
2 info using npm@4.0.2
3 info using node@v6.9.1
4 verbose run-script [ 'pretest', 'test', 'posttest' ]
5 info lifecycle angular-seed@0.0.0~pretest: angular-seed@0.0.0
6 verbose lifecycle angular-seed@0.0.0~pretest: unsafe-perm in lifecycle true
7 verbose lifecycle angular-seed@0.0.0~pretest: PATH: C:\Users\James\AppData\Roaming\npm\node_modules\npm\bin\node-gyp-bin;E:\Programming\AngularJS\chinaSeas\node_modules\.bin;C:\Users\James\bin;C:\Program Files\Git\mingw64\bin;C:\Program Files\Git\usr\local\bin;C:\Program Files\Git\usr\bin;C:\Program Files\Git\usr\bin;C:\Program Files\Git\mingw64\bin;C:\Program Files\Git\usr\bin;C:\Users\James\bin;C:\ProgramData\Oracle\Java\javapath;C:\program files (x86)\intel\icls client;C:\program files\intel\icls client;C:\program files\common files\microsoft shared\windows live;C:\program files (x86)\common files\microsoft shared\windows live;C:\windows\system32;C:\windows;C:\windows\system32\wbem;C:\windows\system32\windowspowershell\v1.0;C:\program files (x86)\ati technologies\ati.ace\core-static;C:\program files\calibre2;C:\program files (x86)\windows live\shared;C:\program files (x86)\calibre2;C:\program files\intel\intel(r) management engine components\dal;C:\program files\intel\intel(r) management engine components\ipt;C:\program files (x86)\intel\intel(r) management engine components\dal;C:\program files (x86)\intel\intel(r) management engine components\ipt;C:\Program Files (x86)\NVIDIA Corporation\PhysX\Common;C:\WINDOWS\system32;C:\WINDOWS;C:\WINDOWS\System32\Wbem;C:\WINDOWS\System32\WindowsPowerShell\v1.0;C:\Program Files (x86)\GtkSharp\2.12\bin;C:\Program Files\FileBot;C:\Program Files (x86)\Toshiba\Bluetooth Toshiba Stack\sys;C:\Program Files (x86)\Toshiba\Bluetooth Toshiba Stack\sys\x64;C:\WINDOWS\system32\config\systemprofile\.dnx\bin;C:\Program Files\Microsoft DNX\Dnvm;C:\Program Files\Microsoft SQL Server\120\Tools\Binn;C:\Program Files\Microsoft SQL Server\130\Tools\Binn;C:\Program Files\MongoDB\Server\3.2\bin;C:\Program Files\Git\cmd;C:\Program Files\apache-maven-3.3.9\bin;C:\Program Files\nodejs;E:\Programming\Windows10SDK\Windows Performance Toolkit;C:\Program Files (x86)\Windows Kits\8.1\Windows Performance Toolkit;C:\Program Files\Intel\WiFi\bin;C:\Program Files\Common Files\Intel\WirelessCommon;C:\Program Files (x86)\Skype\Phone;C:\Program Files (x86)\Java\jre7\bin;C:\ffmpeg\bin;C:\Users\James\AppData\Local\Microsoft\WindowsApps;E:\Programming\AEM\filevault\bin;C:\Users\James\AppData\Roaming\npm;C:\Python27;C:\Users\James\AppData\Local\atom\bin;C:\Program Files\Intel\WiFi\bin;C:\Program Files\Common Files\Intel\WirelessCommon;C:\Program Files\Git\usr\bin\vendor_perl;C:\Program Files\Git\usr\bin\core_perl
8 verbose lifecycle angular-seed@0.0.0~pretest: CWD: E:\Programming\AngularJS\chinaSeas
9 silly lifecycle angular-seed@0.0.0~pretest: Args: [ '/d /s /c', 'npm install' ]
10 silly lifecycle angular-seed@0.0.0~pretest: Returned: code: 0  signal: null
11 info lifecycle angular-seed@0.0.0~test: angular-seed@0.0.0
12 verbose lifecycle angular-seed@0.0.0~test: unsafe-perm in lifecycle true
13 verbose lifecycle angular-seed@0.0.0~test: PATH: C:\Users\James\AppData\Roaming\npm\node_modules\npm\bin\node-gyp-bin;E:\Programming\AngularJS\chinaSeas\node_modules\.bin;C:\Users\James\bin;C:\Program Files\Git\mingw64\bin;C:\Program Files\Git\usr\local\bin;C:\Program Files\Git\usr\bin;C:\Program Files\Git\usr\bin;C:\Program Files\Git\mingw64\bin;C:\Program Files\Git\usr\bin;C:\Users\James\bin;C:\ProgramData\Oracle\Java\javapath;C:\program files (x86)\intel\icls client;C:\program files\intel\icls client;C:\program files\common files\microsoft shared\windows live;C:\program files (x86)\common files\microsoft shared\windows live;C:\windows\system32;C:\windows;C:\windows\system32\wbem;C:\windows\system32\windowspowershell\v1.0;C:\program files (x86)\ati technologies\ati.ace\core-static;C:\program files\calibre2;C:\program files (x86)\windows live\shared;C:\program files (x86)\calibre2;C:\program files\intel\intel(r) management engine components\dal;C:\program files\intel\intel(r) management engine components\ipt;C:\program files (x86)\intel\intel(r) management engine components\dal;C:\program files (x86)\intel\intel(r) management engine components\ipt;C:\Program Files (x86)\NVIDIA Corporation\PhysX\Common;C:\WINDOWS\system32;C:\WINDOWS;C:\WINDOWS\System32\Wbem;C:\WINDOWS\System32\WindowsPowerShell\v1.0;C:\Program Files (x86)\GtkSharp\2.12\bin;C:\Program Files\FileBot;C:\Program Files (x86)\Toshiba\Bluetooth Toshiba Stack\sys;C:\Program Files (x86)\Toshiba\Bluetooth Toshiba Stack\sys\x64;C:\WINDOWS\system32\config\systemprofile\.dnx\bin;C:\Program Files\Microsoft DNX\Dnvm;C:\Program Files\Microsoft SQL Server\120\Tools\Binn;C:\Program Files\Microsoft SQL Server\130\Tools\Binn;C:\Program Files\MongoDB\Server\3.2\bin;C:\Program Files\Git\cmd;C:\Program Files\apache-maven-3.3.9\bin;C:\Program Files\nodejs;E:\Programming\Windows10SDK\Windows Performance Toolkit;C:\Program Files (x86)\Windows Kits\8.1\Windows Performance Toolkit;C:\Program Files\Intel\WiFi\bin;C:\Program Files\Common Files\Intel\WirelessCommon;C:\Program Files (x86)\Skype\Phone;C:\Program Files (x86)\Java\jre7\bin;C:\ffmpeg\bin;C:\Users\James\AppData\Local\Microsoft\WindowsApps;E:\Programming\AEM\filevault\bin;C:\Users\James\AppData\Roaming\npm;C:\Python27;C:\Users\James\AppData\Local\atom\bin;C:\Program Files\Intel\WiFi\bin;C:\Program Files\Common Files\Intel\WirelessCommon;C:\Program Files\Git\usr\bin\vendor_perl;C:\Program Files\Git\usr\bin\core_perl
14 verbose lifecycle angular-seed@0.0.0~test: CWD: E:\Programming\AngularJS\chinaSeas
15 silly lifecycle angular-seed@0.0.0~test: Args: [ '/d /s /c', 'karma start karma.conf.js' ]
16 verbose stack Error: kill ENOSYS
16 verbose stack     at exports._errnoException (util.js:1026:11)
16 verbose stack     at process.kill (internal/process.js:172:13)
16 verbose stack     at process.listener (C:\Users\James\AppData\Roaming\npm\node_modules\npm\node_modules\npmlog\node_modules\gauge\node_modules\signal-exit\index.js:86:15)
16 verbose stack     at emitNone (events.js:91:20)
16 verbose stack     at process.emit (events.js:185:7)
16 verbose stack     at processEmit (C:\Users\James\AppData\Roaming\npm\node_modules\npm\node_modules\npmlog\node_modules\gauge\node_modules\signal-exit\index.js:146:32)
16 verbose stack     at processEmit (C:\Users\James\AppData\Roaming\npm\node_modules\npm\node_modules\npm-registry-client\node_modules\npmlog\node_modules\gauge\node_modules\signal-exit\index.js:146:32)
16 verbose stack     at Signal.wrap.onsignal (internal/process.js:199:44)
17 verbose cwd E:\Programming\AngularJS\chinaSeas\app
18 error Windows_NT 10.0.14393
19 error argv "C:\\Program Files\\nodejs\\node.exe" "C:\\Users\\James\\AppData\\Roaming\\npm\\node_modules\\npm\\bin\\npm-cli.js" "test"
20 error node v6.9.1
21 error npm  v4.0.2
22 error code ENOSYS
23 error errno ENOSYS
24 error syscall kill
25 error kill ENOSYS
26 error If you need help, you may report this error at:
26 error     <https://github.com/npm/npm/issues>
27 verbose exit [ 1, true ]
